  projektni zadatak - kladionica bez GUI.cpp
C:\Users\Matej\Documents\GitHub\Projektni-zadatak---kladionica\projektni zadatak - kladionica bez GUI.cpp(54,31): warning C4244: 'argument': conversion from 'time_t' to 'unsigned int', possible loss of data
C:\Users\Matej\Documents\GitHub\Projektni-zadatak---kladionica\projektni zadatak - kladionica bez GUI.cpp(165,23): warning C4244: 'argument': conversion from 'time_t' to 'unsigned int', possible loss of data
C:\Users\Matej\Documents\GitHub\Projektni-zadatak---kladionica\projektni zadatak - kladionica bez GUI.cpp(36,9): error C4996: 'scanf': This function or variable may be unsafe. Consider using scanf_s instead. To disable deprecation, use _CRT_SECURE_NO_WARNINGS. See online help for details.
C:\Users\Matej\Documents\GitHub\Projektni-zadatak---kladionica\projektni zadatak - kladionica bez GUI.cpp(49,13): error C4996: 'scanf': This function or variable may be unsafe. Consider using scanf_s instead. To disable deprecation, use _CRT_SECURE_NO_WARNINGS. See online help for details.
C:\Users\Matej\Documents\GitHub\Projektni-zadatak---kladionica\projektni zadatak - kladionica bez GUI.cpp(86,17): error C4996: 'scanf': This function or variable may be unsafe. Consider using scanf_s instead. To disable deprecation, use _CRT_SECURE_NO_WARNINGS. See online help for details.
C:\Users\Matej\Documents\GitHub\Projektni-zadatak---kladionica\projektni zadatak - kladionica bez GUI.cpp(135,17): error C4996: 'scanf': This function or variable may be unsafe. Consider using scanf_s instead. To disable deprecation, use _CRT_SECURE_NO_WARNINGS. See online help for details.
C:\Users\Matej\Documents\GitHub\Projektni-zadatak---kladionica\projektni zadatak - kladionica bez GUI.cpp(180,13): error C4996: 'scanf': This function or variable may be unsafe. Consider using scanf_s instead. To disable deprecation, use _CRT_SECURE_NO_WARNINGS. See online help for details.
C:\Users\Matej\Documents\GitHub\Projektni-zadatak---kladionica\projektni zadatak - kladionica bez GUI.cpp(185,17): error C4996: 'scanf': This function or variable may be unsafe. Consider using scanf_s instead. To disable deprecation, use _CRT_SECURE_NO_WARNINGS. See online help for details.
C:\Users\Matej\Documents\GitHub\Projektni-zadatak---kladionica\projektni zadatak - kladionica bez GUI.cpp(191,17): error C4996: 'scanf': This function or variable may be unsafe. Consider using scanf_s instead. To disable deprecation, use _CRT_SECURE_NO_WARNINGS. See online help for details.
C:\Users\Matej\Documents\GitHub\Projektni-zadatak---kladionica\projektni zadatak - kladionica bez GUI.cpp(197,17): error C4996: 'scanf': This function or variable may be unsafe. Consider using scanf_s instead. To disable deprecation, use _CRT_SECURE_NO_WARNINGS. See online help for details.
C:\Users\Matej\Documents\GitHub\Projektni-zadatak---kladionica\projektni zadatak - kladionica bez GUI.cpp(203,17): error C4996: 'scanf': This function or variable may be unsafe. Consider using scanf_s instead. To disable deprecation, use _CRT_SECURE_NO_WARNINGS. See online help for details.
C:\Users\Matej\Documents\GitHub\Projektni-zadatak---kladionica\projektni zadatak - kladionica bez GUI.cpp(209,17): error C4996: 'scanf': This function or variable may be unsafe. Consider using scanf_s instead. To disable deprecation, use _CRT_SECURE_NO_WARNINGS. See online help for details.
C:\Users\Matej\Documents\GitHub\Projektni-zadatak---kladionica\projektni zadatak - kladionica bez GUI.cpp(215,17): error C4996: 'scanf': This function or variable may be unsafe. Consider using scanf_s instead. To disable deprecation, use _CRT_SECURE_NO_WARNINGS. See online help for details.
C:\Users\Matej\Documents\GitHub\Projektni-zadatak---kladionica\projektni zadatak - kladionica bez GUI.cpp(221,17): error C4996: 'scanf': This function or variable may be unsafe. Consider using scanf_s instead. To disable deprecation, use _CRT_SECURE_NO_WARNINGS. See online help for details.
C:\Users\Matej\Documents\GitHub\Projektni-zadatak---kladionica\projektni zadatak - kladionica bez GUI.cpp(227,17): error C4996: 'scanf': This function or variable may be unsafe. Consider using scanf_s instead. To disable deprecation, use _CRT_SECURE_NO_WARNINGS. See online help for details.
C:\Users\Matej\Documents\GitHub\Projektni-zadatak---kladionica\projektni zadatak - kladionica bez GUI.cpp(233,17): error C4996: 'scanf': This function or variable may be unsafe. Consider using scanf_s instead. To disable deprecation, use _CRT_SECURE_NO_WARNINGS. See online help for details.
C:\Users\Matej\Documents\GitHub\Projektni-zadatak---kladionica\projektni zadatak - kladionica bez GUI.cpp(236,13): error C4996: 'scanf': This function or variable may be unsafe. Consider using scanf_s instead. To disable deprecation, use _CRT_SECURE_NO_WARNINGS. See online help for details.
C:\Users\Matej\Documents\GitHub\Projektni-zadatak---kladionica\projektni zadatak - kladionica bez GUI.cpp(14,122): warning C4101: 'a': unreferenced local variable
C:\Users\Matej\Documents\GitHub\Projektni-zadatak---kladionica\projektni zadatak - kladionica bez GUI.cpp(14,110): warning C4101: 'pobjeda': unreferenced local variable
C:\Users\Matej\Documents\GitHub\Projektni-zadatak---kladionica\projektni zadatak - kladionica bez GUI.cpp(14,128): warning C4101: 'unos': unreferenced local variable
C:\Users\Matej\Documents\GitHub\Projektni-zadatak---kladionica\projektni zadatak - kladionica bez GUI.cpp(14,125): warning C4101: 'u': unreferenced local variable
